[INFO  - 2018-09-05T05:28:05.957Z] GhostDriver - Main - running on port 48242
[INFO  - 2018-09-05T05:28:06.721Z] Session [77f51ed0-b0cc-11e8-ac87-c56b7f49cbc0] - page.settings - {"XSSAuditingEnabled":false,"javascriptCanCloseWindows":true,"javascriptCanOpenWindows":true,"javascriptEnabled":true,"loadImages":true,"localToRemoteUrlAccessEnabled":false,"userAgent":"Mozilla/5.0 (Windows NT 6.1; WOW64) AppleWebKit/538.1 (KHTML, like Gecko) PhantomJS/2.1.1 Safari/538.1","webSecurityEnabled":true}
[INFO  - 2018-09-05T05:28:06.721Z] Session [77f51ed0-b0cc-11e8-ac87-c56b7f49cbc0] - page.customHeaders:  - {}
[INFO  - 2018-09-05T05:28:06.721Z] Session [77f51ed0-b0cc-11e8-ac87-c56b7f49cbc0] - Session.negotiatedCapabilities - {"browserName":"phantomjs","version":"2.1.1","driverName":"ghostdriver","driverVersion":"1.2.0","platform":"windows-7-32bit","javascriptEnabled":true,"takesScreenshot":true,"handlesAlerts":false,"databaseEnabled":false,"locationContextEnabled":false,"applicationCacheEnabled":false,"browserConnectionEnabled":false,"cssSelectorsEnabled":true,"webStorageEnabled":false,"rotatable":false,"acceptSslCerts":false,"nativeEvents":true,"proxy":{"proxyType":"direct"}}
[INFO  - 2018-09-05T05:28:06.721Z] SessionManagerReqHand - _postNewSessionCommand - New Session Created: 77f51ed0-b0cc-11e8-ac87-c56b7f49cbc0
[INFO  - 2018-09-05T05:28:08.072Z] ShutdownReqHand - _handle - About to shutdown
[INFO  - 2018-09-05T05:28:10.254Z] GhostDriver - Main - running on port 31914
[INFO  - 2018-09-05T05:28:10.276Z] Session [7a139200-b0cc-11e8-943b-d14499982230] - page.settings - {"XSSAuditingEnabled":false,"javascriptCanCloseWindows":true,"javascriptCanOpenWindows":true,"javascriptEnabled":true,"loadImages":true,"localToRemoteUrlAccessEnabled":false,"userAgent":"Mozilla/5.0 (Windows NT 6.1; WOW64) AppleWebKit/538.1 (KHTML, like Gecko) PhantomJS/2.1.1 Safari/538.1","webSecurityEnabled":true}
[INFO  - 2018-09-05T05:28:10.276Z] Session [7a139200-b0cc-11e8-943b-d14499982230] - page.customHeaders:  - {}
[INFO  - 2018-09-05T05:28:10.276Z] Session [7a139200-b0cc-11e8-943b-d14499982230] - Session.negotiatedCapabilities - {"browserName":"phantomjs","version":"2.1.1","driverName":"ghostdriver","driverVersion":"1.2.0","platform":"windows-7-32bit","javascriptEnabled":true,"takesScreenshot":true,"handlesAlerts":false,"databaseEnabled":false,"locationContextEnabled":false,"applicationCacheEnabled":false,"browserConnectionEnabled":false,"cssSelectorsEnabled":true,"webStorageEnabled":false,"rotatable":false,"acceptSslCerts":false,"nativeEvents":true,"proxy":{"proxyType":"direct"}}
[INFO  - 2018-09-05T05:28:10.276Z] SessionManagerReqHand - _postNewSessionCommand - New Session Created: 7a139200-b0cc-11e8-943b-d14499982230
[INFO  - 2018-09-05T05:28:11.555Z] ShutdownReqHand - _handle - About to shutdown
[INFO  - 2018-09-05T05:28:13.608Z] GhostDriver - Main - running on port 41186
[INFO  - 2018-09-05T05:28:13.736Z] Session [7c238640-b0cc-11e8-b859-f9c4f63ea2f2] - page.settings - {"XSSAuditingEnabled":false,"javascriptCanCloseWindows":true,"javascriptCanOpenWindows":true,"javascriptEnabled":true,"loadImages":true,"localToRemoteUrlAccessEnabled":false,"userAgent":"Mozilla/5.0 (Windows NT 6.1; WOW64) AppleWebKit/538.1 (KHTML, like Gecko) PhantomJS/2.1.1 Safari/538.1","webSecurityEnabled":true}
[INFO  - 2018-09-05T05:28:13.736Z] Session [7c238640-b0cc-11e8-b859-f9c4f63ea2f2] - page.customHeaders:  - {}
[INFO  - 2018-09-05T05:28:13.736Z] Session [7c238640-b0cc-11e8-b859-f9c4f63ea2f2] - Session.negotiatedCapabilities - {"browserName":"phantomjs","version":"2.1.1","driverName":"ghostdriver","driverVersion":"1.2.0","platform":"windows-7-32bit","javascriptEnabled":true,"takesScreenshot":true,"handlesAlerts":false,"databaseEnabled":false,"locationContextEnabled":false,"applicationCacheEnabled":false,"browserConnectionEnabled":false,"cssSelectorsEnabled":true,"webStorageEnabled":false,"rotatable":false,"acceptSslCerts":false,"nativeEvents":true,"proxy":{"proxyType":"direct"}}
[INFO  - 2018-09-05T05:28:13.736Z] SessionManagerReqHand - _postNewSessionCommand - New Session Created: 7c238640-b0cc-11e8-b859-f9c4f63ea2f2
[INFO  - 2018-09-05T05:28:15.034Z] ShutdownReqHand - _handle - About to shutdown
[INFO  - 2018-09-05T05:28:16.949Z] GhostDriver - Main - running on port 12201
[INFO  - 2018-09-05T05:28:17.254Z] Session [7e3b90d0-b0cc-11e8-8bfd-b7a3a1c88f58] - page.settings - {"XSSAuditingEnabled":false,"javascriptCanCloseWindows":true,"javascriptCanOpenWindows":true,"javascriptEnabled":true,"loadImages":true,"localToRemoteUrlAccessEnabled":false,"userAgent":"Mozilla/5.0 (Windows NT 6.1; WOW64) AppleWebKit/538.1 (KHTML, like Gecko) PhantomJS/2.1.1 Safari/538.1","webSecurityEnabled":true}
[INFO  - 2018-09-05T05:28:17.254Z] Session [7e3b90d0-b0cc-11e8-8bfd-b7a3a1c88f58] - page.customHeaders:  - {}
[INFO  - 2018-09-05T05:28:17.255Z] Session [7e3b90d0-b0cc-11e8-8bfd-b7a3a1c88f58] - Session.negotiatedCapabilities - {"browserName":"phantomjs","version":"2.1.1","driverName":"ghostdriver","driverVersion":"1.2.0","platform":"windows-7-32bit","javascriptEnabled":true,"takesScreenshot":true,"handlesAlerts":false,"databaseEnabled":false,"locationContextEnabled":false,"applicationCacheEnabled":false,"browserConnectionEnabled":false,"cssSelectorsEnabled":true,"webStorageEnabled":false,"rotatable":false,"acceptSslCerts":false,"nativeEvents":true,"proxy":{"proxyType":"direct"}}
[INFO  - 2018-09-05T05:28:17.255Z] SessionManagerReqHand - _postNewSessionCommand - New Session Created: 7e3b90d0-b0cc-11e8-8bfd-b7a3a1c88f58
[INFO  - 2018-09-05T05:28:18.570Z] ShutdownReqHand - _handle - About to shutdown
[INFO  - 2018-09-05T05:28:20.484Z] GhostDriver - Main - running on port 36701
[INFO  - 2018-09-05T05:28:20.771Z] Session [80545eb0-b0cc-11e8-b275-891fcec19340] - page.settings - {"XSSAuditingEnabled":false,"javascriptCanCloseWindows":true,"javascriptCanOpenWindows":true,"javascriptEnabled":true,"loadImages":true,"localToRemoteUrlAccessEnabled":false,"userAgent":"Mozilla/5.0 (Windows NT 6.1; WOW64) AppleWebKit/538.1 (KHTML, like Gecko) PhantomJS/2.1.1 Safari/538.1","webSecurityEnabled":true}
[INFO  - 2018-09-05T05:28:20.771Z] Session [80545eb0-b0cc-11e8-b275-891fcec19340] - page.customHeaders:  - {}
[INFO  - 2018-09-05T05:28:20.771Z] Session [80545eb0-b0cc-11e8-b275-891fcec19340] - Session.negotiatedCapabilities - {"browserName":"phantomjs","version":"2.1.1","driverName":"ghostdriver","driverVersion":"1.2.0","platform":"windows-7-32bit","javascriptEnabled":true,"takesScreenshot":true,"handlesAlerts":false,"databaseEnabled":false,"locationContextEnabled":false,"applicationCacheEnabled":false,"browserConnectionEnabled":false,"cssSelectorsEnabled":true,"webStorageEnabled":false,"rotatable":false,"acceptSslCerts":false,"nativeEvents":true,"proxy":{"proxyType":"direct"}}
[INFO  - 2018-09-05T05:28:20.771Z] SessionManagerReqHand - _postNewSessionCommand - New Session Created: 80545eb0-b0cc-11e8-b275-891fcec19340
[ERROR - 2018-09-05T05:28:23.257Z] Session [80545eb0-b0cc-11e8-b275-891fcec19340] - page.onError - msg: TypeError: undefined is not a constructor (evaluating 'new Array( 24 ).fill( null )')
[ERROR - 2018-09-05T05:28:23.258Z] Session [80545eb0-b0cc-11e8-b275-891fcec19340] - page.onError - stack:
  (anonymous function) (http://103.231.43.144/resources/js/timepicker.js:30)
  (anonymous function) (http://103.231.43.144/resources/js/timepicker.js:12)
[INFO  - 2018-09-05T05:28:27.682Z] ShutdownReqHand - _handle - About to shutdown
[INFO  - 2018-09-05T05:28:29.204Z] GhostDriver - Main - running on port 4322
[INFO  - 2018-09-05T05:28:29.503Z] Session [8588c470-b0cc-11e8-a19a-d7ff45966ee3] - page.settings - {"XSSAuditingEnabled":false,"javascriptCanCloseWindows":true,"javascriptCanOpenWindows":true,"javascriptEnabled":true,"loadImages":true,"localToRemoteUrlAccessEnabled":false,"userAgent":"Mozilla/5.0 (Windows NT 6.1; WOW64) AppleWebKit/538.1 (KHTML, like Gecko) PhantomJS/2.1.1 Safari/538.1","webSecurityEnabled":true}
[INFO  - 2018-09-05T05:28:29.503Z] Session [8588c470-b0cc-11e8-a19a-d7ff45966ee3] - page.customHeaders:  - {}
[INFO  - 2018-09-05T05:28:29.503Z] Session [8588c470-b0cc-11e8-a19a-d7ff45966ee3] - Session.negotiatedCapabilities - {"browserName":"phantomjs","version":"2.1.1","driverName":"ghostdriver","driverVersion":"1.2.0","platform":"windows-7-32bit","javascriptEnabled":true,"takesScreenshot":true,"handlesAlerts":false,"databaseEnabled":false,"locationContextEnabled":false,"applicationCacheEnabled":false,"browserConnectionEnabled":false,"cssSelectorsEnabled":true,"webStorageEnabled":false,"rotatable":false,"acceptSslCerts":false,"nativeEvents":true,"proxy":{"proxyType":"direct"}}
[INFO  - 2018-09-05T05:28:29.503Z] SessionManagerReqHand - _postNewSessionCommand - New Session Created: 8588c470-b0cc-11e8-a19a-d7ff45966ee3
[ERROR - 2018-09-05T05:28:31.470Z] Session [8588c470-b0cc-11e8-a19a-d7ff45966ee3] - page.onError - msg: TypeError: undefined is not a constructor (evaluating 'new Array( 24 ).fill( null )')
[ERROR - 2018-09-05T05:28:31.470Z] Session [8588c470-b0cc-11e8-a19a-d7ff45966ee3] - page.onError - stack:
  (anonymous function) (http://103.231.43.144/resources/js/timepicker.js:30)
  (anonymous function) (http://103.231.43.144/resources/js/timepicker.js:12)
[INFO  - 2018-09-05T05:28:34.149Z] ShutdownReqHand - _handle - About to shutdown
[INFO  - 2018-09-05T05:31:11.439Z] GhostDriver - Main - running on port 13156
[INFO  - 2018-09-05T05:31:11.904Z] Session [e655cdc0-b0cc-11e8-aac2-132d11ab6aac] - page.settings - {"XSSAuditingEnabled":false,"javascriptCanCloseWindows":true,"javascriptCanOpenWindows":true,"javascriptEnabled":true,"loadImages":true,"localToRemoteUrlAccessEnabled":false,"userAgent":"Mozilla/5.0 (Windows NT 6.1; WOW64) AppleWebKit/538.1 (KHTML, like Gecko) PhantomJS/2.1.1 Safari/538.1","webSecurityEnabled":true}
[INFO  - 2018-09-05T05:31:11.904Z] Session [e655cdc0-b0cc-11e8-aac2-132d11ab6aac] - page.customHeaders:  - {}
[INFO  - 2018-09-05T05:31:11.904Z] Session [e655cdc0-b0cc-11e8-aac2-132d11ab6aac] - Session.negotiatedCapabilities - {"browserName":"phantomjs","version":"2.1.1","driverName":"ghostdriver","driverVersion":"1.2.0","platform":"windows-7-32bit","javascriptEnabled":true,"takesScreenshot":true,"handlesAlerts":false,"databaseEnabled":false,"locationContextEnabled":false,"applicationCacheEnabled":false,"browserConnectionEnabled":false,"cssSelectorsEnabled":true,"webStorageEnabled":false,"rotatable":false,"acceptSslCerts":false,"nativeEvents":true,"proxy":{"proxyType":"direct"}}
[INFO  - 2018-09-05T05:31:11.931Z] SessionManagerReqHand - _postNewSessionCommand - New Session Created: e655cdc0-b0cc-11e8-aac2-132d11ab6aac
[INFO  - 2018-09-05T05:31:13.248Z] ShutdownReqHand - _handle - About to shutdown
[INFO  - 2018-09-05T05:31:15.162Z] GhostDriver - Main - running on port 24897
[INFO  - 2018-09-05T05:31:15.434Z] Session [e86fad10-b0cc-11e8-b5fc-73ac53cb1e75] - page.settings - {"XSSAuditingEnabled":false,"javascriptCanCloseWindows":true,"javascriptCanOpenWindows":true,"javascriptEnabled":true,"loadImages":true,"localToRemoteUrlAccessEnabled":false,"userAgent":"Mozilla/5.0 (Windows NT 6.1; WOW64) AppleWebKit/538.1 (KHTML, like Gecko) PhantomJS/2.1.1 Safari/538.1","webSecurityEnabled":true}
[INFO  - 2018-09-05T05:31:15.434Z] Session [e86fad10-b0cc-11e8-b5fc-73ac53cb1e75] - page.customHeaders:  - {}
[INFO  - 2018-09-05T05:31:15.434Z] Session [e86fad10-b0cc-11e8-b5fc-73ac53cb1e75] - Session.negotiatedCapabilities - {"browserName":"phantomjs","version":"2.1.1","driverName":"ghostdriver","driverVersion":"1.2.0","platform":"windows-7-32bit","javascriptEnabled":true,"takesScreenshot":true,"handlesAlerts":false,"databaseEnabled":false,"locationContextEnabled":false,"applicationCacheEnabled":false,"browserConnectionEnabled":false,"cssSelectorsEnabled":true,"webStorageEnabled":false,"rotatable":false,"acceptSslCerts":false,"nativeEvents":true,"proxy":{"proxyType":"direct"}}
[INFO  - 2018-09-05T05:31:15.434Z] SessionManagerReqHand - _postNewSessionCommand - New Session Created: e86fad10-b0cc-11e8-b5fc-73ac53cb1e75
[INFO  - 2018-09-05T05:31:16.704Z] ShutdownReqHand - _handle - About to shutdown
[INFO  - 2018-09-05T05:31:18.583Z] GhostDriver - Main - running on port 10892
[INFO  - 2018-09-05T05:31:18.870Z] Session [ea7c45f0-b0cc-11e8-9e7c-05fecd5af6f3] - page.settings - {"XSSAuditingEnabled":false,"javascriptCanCloseWindows":true,"javascriptCanOpenWindows":true,"javascriptEnabled":true,"loadImages":true,"localToRemoteUrlAccessEnabled":false,"userAgent":"Mozilla/5.0 (Windows NT 6.1; WOW64) AppleWebKit/538.1 (KHTML, like Gecko) PhantomJS/2.1.1 Safari/538.1","webSecurityEnabled":true}
[INFO  - 2018-09-05T05:31:18.870Z] Session [ea7c45f0-b0cc-11e8-9e7c-05fecd5af6f3] - page.customHeaders:  - {}
[INFO  - 2018-09-05T05:31:18.870Z] Session [ea7c45f0-b0cc-11e8-9e7c-05fecd5af6f3] - Session.negotiatedCapabilities - {"browserName":"phantomjs","version":"2.1.1","driverName":"ghostdriver","driverVersion":"1.2.0","platform":"windows-7-32bit","javascriptEnabled":true,"takesScreenshot":true,"handlesAlerts":false,"databaseEnabled":false,"locationContextEnabled":false,"applicationCacheEnabled":false,"browserConnectionEnabled":false,"cssSelectorsEnabled":true,"webStorageEnabled":false,"rotatable":false,"acceptSslCerts":false,"nativeEvents":true,"proxy":{"proxyType":"direct"}}
[INFO  - 2018-09-05T05:31:18.870Z] SessionManagerReqHand - _postNewSessionCommand - New Session Created: ea7c45f0-b0cc-11e8-9e7c-05fecd5af6f3
[INFO  - 2018-09-05T05:31:20.135Z] ShutdownReqHand - _handle - About to shutdown
[INFO  - 2018-09-05T05:31:21.997Z] GhostDriver - Main - running on port 40879
[INFO  - 2018-09-05T05:31:22.314Z] Session [ec88ded0-b0cc-11e8-963e-f769cc962bc6] - page.settings - {"XSSAuditingEnabled":false,"javascriptCanCloseWindows":true,"javascriptCanOpenWindows":true,"javascriptEnabled":true,"loadImages":true,"localToRemoteUrlAccessEnabled":false,"userAgent":"Mozilla/5.0 (Windows NT 6.1; WOW64) AppleWebKit/538.1 (KHTML, like Gecko) PhantomJS/2.1.1 Safari/538.1","webSecurityEnabled":true}
[INFO  - 2018-09-05T05:31:22.314Z] Session [ec88ded0-b0cc-11e8-963e-f769cc962bc6] - page.customHeaders:  - {}
[INFO  - 2018-09-05T05:31:22.315Z] Session [ec88ded0-b0cc-11e8-963e-f769cc962bc6] - Session.negotiatedCapabilities - {"browserName":"phantomjs","version":"2.1.1","driverName":"ghostdriver","driverVersion":"1.2.0","platform":"windows-7-32bit","javascriptEnabled":true,"takesScreenshot":true,"handlesAlerts":false,"databaseEnabled":false,"locationContextEnabled":false,"applicationCacheEnabled":false,"browserConnectionEnabled":false,"cssSelectorsEnabled":true,"webStorageEnabled":false,"rotatable":false,"acceptSslCerts":false,"nativeEvents":true,"proxy":{"proxyType":"direct"}}
[INFO  - 2018-09-05T05:31:22.315Z] SessionManagerReqHand - _postNewSessionCommand - New Session Created: ec88ded0-b0cc-11e8-963e-f769cc962bc6
[INFO  - 2018-09-05T05:31:23.620Z] ShutdownReqHand - _handle - About to shutdown
[INFO  - 2018-09-05T05:31:25.526Z] GhostDriver - Main - running on port 29797
[INFO  - 2018-09-05T05:31:25.733Z] Session [ee93f110-b0cc-11e8-9aa9-9db5731fab1f] - page.settings - {"XSSAuditingEnabled":false,"javascriptCanCloseWindows":true,"javascriptCanOpenWindows":true,"javascriptEnabled":true,"loadImages":true,"localToRemoteUrlAccessEnabled":false,"userAgent":"Mozilla/5.0 (Windows NT 6.1; WOW64) AppleWebKit/538.1 (KHTML, like Gecko) PhantomJS/2.1.1 Safari/538.1","webSecurityEnabled":true}
[INFO  - 2018-09-05T05:31:25.733Z] Session [ee93f110-b0cc-11e8-9aa9-9db5731fab1f] - page.customHeaders:  - {}
[INFO  - 2018-09-05T05:31:25.733Z] Session [ee93f110-b0cc-11e8-9aa9-9db5731fab1f] - Session.negotiatedCapabilities - {"browserName":"phantomjs","version":"2.1.1","driverName":"ghostdriver","driverVersion":"1.2.0","platform":"windows-7-32bit","javascriptEnabled":true,"takesScreenshot":true,"handlesAlerts":false,"databaseEnabled":false,"locationContextEnabled":false,"applicationCacheEnabled":false,"browserConnectionEnabled":false,"cssSelectorsEnabled":true,"webStorageEnabled":false,"rotatable":false,"acceptSslCerts":false,"nativeEvents":true,"proxy":{"proxyType":"direct"}}
[INFO  - 2018-09-05T05:31:25.734Z] SessionManagerReqHand - _postNewSessionCommand - New Session Created: ee93f110-b0cc-11e8-9aa9-9db5731fab1f
[ERROR - 2018-09-05T05:31:27.696Z] Session [ee93f110-b0cc-11e8-9aa9-9db5731fab1f] - page.onError - msg: TypeError: undefined is not a constructor (evaluating 'new Array( 24 ).fill( null )')
[ERROR - 2018-09-05T05:31:27.696Z] Session [ee93f110-b0cc-11e8-9aa9-9db5731fab1f] - page.onError - stack:
  (anonymous function) (http://103.231.43.144/resources/js/timepicker.js:30)
  (anonymous function) (http://103.231.43.144/resources/js/timepicker.js:12)
[INFO  - 2018-09-05T05:31:31.300Z] ShutdownReqHand - _handle - About to shutdown
[INFO  - 2018-09-05T05:31:33.201Z] GhostDriver - Main - running on port 39895
[INFO  - 2018-09-05T05:31:33.480Z] Session [f331e330-b0cc-11e8-aed2-a11cdd9ecbb6] - page.settings - {"XSSAuditingEnabled":false,"javascriptCanCloseWindows":true,"javascriptCanOpenWindows":true,"javascriptEnabled":true,"loadImages":true,"localToRemoteUrlAccessEnabled":false,"userAgent":"Mozilla/5.0 (Windows NT 6.1; WOW64) AppleWebKit/538.1 (KHTML, like Gecko) PhantomJS/2.1.1 Safari/538.1","webSecurityEnabled":true}
[INFO  - 2018-09-05T05:31:33.480Z] Session [f331e330-b0cc-11e8-aed2-a11cdd9ecbb6] - page.customHeaders:  - {}
[INFO  - 2018-09-05T05:31:33.480Z] Session [f331e330-b0cc-11e8-aed2-a11cdd9ecbb6] - Session.negotiatedCapabilities - {"browserName":"phantomjs","version":"2.1.1","driverName":"ghostdriver","driverVersion":"1.2.0","platform":"windows-7-32bit","javascriptEnabled":true,"takesScreenshot":true,"handlesAlerts":false,"databaseEnabled":false,"locationContextEnabled":false,"applicationCacheEnabled":false,"browserConnectionEnabled":false,"cssSelectorsEnabled":true,"webStorageEnabled":false,"rotatable":false,"acceptSslCerts":false,"nativeEvents":true,"proxy":{"proxyType":"direct"}}
[INFO  - 2018-09-05T05:31:33.480Z] SessionManagerReqHand - _postNewSessionCommand - New Session Created: f331e330-b0cc-11e8-aed2-a11cdd9ecbb6
[ERROR - 2018-09-05T05:31:35.416Z] Session [f331e330-b0cc-11e8-aed2-a11cdd9ecbb6] - page.onError - msg: TypeError: undefined is not a constructor (evaluating 'new Array( 24 ).fill( null )')
[ERROR - 2018-09-05T05:31:35.416Z] Session [f331e330-b0cc-11e8-aed2-a11cdd9ecbb6] - page.onError - stack:
  (anonymous function) (http://103.231.43.144/resources/js/timepicker.js:30)
  (anonymous function) (http://103.231.43.144/resources/js/timepicker.js:12)
[INFO  - 2018-09-05T05:31:38.004Z] ShutdownReqHand - _handle - About to shutdown
